<?xml version="1.0" encoding="UTF-8"?>
<!-- Generated by org.testng.reporters.JUnitReportReporter -->
<testsuite skipped="0" hostname="DESKTOP-5RRLAR1" name="com.examples.LoginTest1" tests="1" failures="0" timestamp="2022-02-11T14:01:46 IST" time="8.514" errors="0">
  <testcase name="TestLoginDetails" time="8.514" classname="com.examples.LoginTest1"/>
  <system-out/>
</testsuite> <!-- com.examples.LoginTest1 -->
