<?xml version="1.0" encoding="UTF-8"?>
<!-- Generated by org.testng.reporters.JUnitReportReporter -->
<testsuite skipped="0" hostname="DESKTOP-5RRLAR1" name="com.examples.LoginTest1" tests="2" failures="0" timestamp="2022-02-14T09:37:03 IST" time="2.497" errors="0">
  <testcase name="verifyDPHeader" time="2.206" classname="com.examples.LoginTest1"/>
  <system-out/>
  <testcase name="verifyUserPage" time="0.291" classname="com.examples.LoginTest1"/>
  <system-out/>
</testsuite> <!-- com.examples.LoginTest1 -->
