<?xml version="1.0" encoding="UTF-8"?>
<!-- Generated by org.testng.reporters.JUnitReportReporter -->
<testsuite skipped="0" hostname="DESKTOP-5RRLAR1" name="com.examples.LoginTest1" tests="2" failures="0" timestamp="2022-02-14T08:58:51 IST" time="2.112" errors="0">
  <testcase name="verifyDPHeader" time="1.901" classname="com.examples.LoginTest1"/>
  <system-out/>
  <testcase name="verifyUserPage" time="0.211" classname="com.examples.LoginTest1"/>
  <system-out/>
</testsuite> <!-- com.examples.LoginTest1 -->
